2015-05-20 16:11:46 INFO  Game:86 - Добавление игрокаplayer.Human@8466c30
2015-05-20 16:11:46 INFO  Game:86 - Добавление игрокаplayer.Human@45a23f67
2015-05-20 16:11:46 INFO  Game:42 - Игра стартовала!
2015-05-20 16:12:37 INFO  Game:33 - Hеправильно введенное число игроков!
2015-05-20 16:13:09 INFO  Game:33 - Hеправильно введенное число игроков!
2015-05-20 16:13:16 INFO  Game:86 - Добавление игрокаplayer.Human@4aa65618
2015-05-20 16:13:16 INFO  Game:86 - Добавление игрокаplayer.Human@34450563
2015-05-20 16:13:39 INFO  Game:33 - Hеправильно введенное число игроков!
2015-05-20 16:16:47 INFO  Game:29 - Hеправильно введенное число игроков!
2015-05-20 16:17:01 INFO  Game:86 - Добавление игрокаplayer.Human@4768c78e
2015-05-20 16:17:01 INFO  Game:86 - Добавление игрокаplayer.Human@1ef0a6e8
2015-05-20 16:17:01 INFO  Game:42 - Игра стартовала!
2015-05-20 16:21:54 INFO  Game:52 - Hеправильно введенное число игроков!
2015-05-20 16:21:56 INFO  Game:52 - Hеправильно введенное число игроков!
2015-05-20 16:21:57 INFO  Game:49 - Игра стартовала!
2015-05-20 16:21:57 INFO  Game:86 - Игра закончилась, проигралcomputer
2015-05-20 16:22:42 INFO  Game:51 - Hеправильно введенное число игроков!
2015-05-20 16:22:43 INFO  Game:48 - Игра стартовала!
2015-05-20 16:22:43 INFO  Game:85 - Игра закончилась, проигралcomputer
2015-05-20 16:23:47 INFO  Game:53 - Hеправильно введенное число игроков!
2015-05-20 16:23:49 INFO  Game:48 - Игра стартовала!
2015-05-20 16:23:49 INFO  Game:85 - Игра закончилась, проигралcomputer
2015-05-20 16:26:42 INFO  Game:48 - Игра стартовала!
2015-05-20 16:27:48 INFO  Game:48 - Игра стартовала!
2015-05-20 16:28:13 INFO  Game:85 - Игра закончилась, проигралcomputer
2015-05-20 16:32:14 INFO  Game:42 - Игра стартовала!
2015-05-20 16:32:14 INFO  Game:48 - Добавление игрокаplayer.Human@6e7badec
2015-05-20 16:32:14 INFO  Game:48 - Добавление игрокаplayer.Human@79d7999e
2015-05-20 16:32:19 INFO  Game:45 - Игрок palyer 0 ввел слово АХТЫРКА
2015-05-20 16:32:24 INFO  Game:45 - Игрок palyer 1 ввел слово АЛЕКСАНДРИЯ
2015-05-20 16:32:29 INFO  Game:45 - Игрок palyer 0 ввел слово ВИННИЦА
2015-05-20 16:32:32 INFO  Game:86 - Игра закончилась, проигралpalyer 1
2015-05-20 16:32:38 INFO  Game:55 - Hеправильно введенное число игроков!
2015-05-20 16:32:40 INFO  Game:42 - Игра стартовала!
2015-05-20 16:32:40 INFO  Game:48 - Добавление игрокаplayer.Human@ef9e8eb
2015-05-20 16:32:40 INFO  Game:48 - Добавление игрокаplayer.Human@392aa3fb
2015-05-20 16:32:40 INFO  Game:48 - Добавление игрокаplayer.Human@1e73d10f
2015-05-20 16:32:40 INFO  Game:48 - Добавление игрокаplayer.Human@4ca6c0c9
2015-05-20 16:32:40 INFO  Game:48 - Добавление игрокаplayer.Human@57baf36f
2015-05-20 16:32:40 INFO  Game:48 - Добавление игрокаplayer.Human@32c42968
2015-05-20 16:32:40 INFO  Game:48 - Добавление игрокаplayer.Human@6c7a84e1
2015-05-20 16:32:40 INFO  Game:48 - Добавление игрокаplayer.Human@5faa076a
2015-05-20 16:32:40 INFO  Game:48 - Добавление игрокаplayer.Human@13ccf137
2015-05-20 16:32:40 INFO  Game:48 - Добавление игрокаplayer.Human@73f05c08
2015-05-20 16:32:40 INFO  Game:48 - Добавление игрокаplayer.Human@292a4caf
2015-05-20 16:32:40 INFO  Game:48 - Добавление игрокаplayer.Human@18108a46
2015-05-20 17:11:57 INFO  Game:33 - Игра стартовала!
2015-05-20 17:11:57 INFO  Game:39 - Добавление игрокаplayer.Human@6e7badec
2015-05-20 17:11:57 INFO  Game:39 - Добавление игрокаplayer.Human@79d7999e
2015-05-20 17:12:03 INFO  Game:72 - Игра закончилась, проигралpalyer 0
